2017-11-20 00:36:44,778 [main] INFO com.ideascale.IdeaHome - Trying to Verify all element on login page
URL: https://ideascale.com/a/login
Page Title: Login | IdeaScale
2017-11-20 00:36:44,939 [main] INFO com.ideascale.IdeaHome - Page name is: Log in using your IdeaScale account:
2017-11-20 00:37:13,925 [main] INFO com.ideascale.IdeaHome - Clicked on IdeaScale logo and object is: Proxy element for: DefaultElementLocator 'By.id: utb-logo'
2017-11-20 00:37:15,887 [main] INFO com.ideascale.IdeaHome - Navigated back to :Login | IdeaScale
2017-11-20 00:37:22,813 [main] INFO com.ideascale.IdeaHome - Clicket on register button on TOP and object is: [[ChromeDriver: chrome on XP (022d855e9a73f6e14bf53779e518171b)] -> xpath: //a[contains(@href,'signup')][1]]
2017-11-20 00:37:22,835 [main] INFO com.ideascale.IdeaHome - Navigated to URL: https://ideascale.com/a/signupTitle: Create Your Account | IdeaScale
2017-11-20 00:37:24,031 [main] INFO com.ideascale.IdeaHome - Navigated back to :Login | IdeaScale
2017-11-20 00:37:24,109 [main] INFO com.ideascale.IdeaHome - Clicket on 'Log in' button on TOP and object is :[[ChromeDriver: chrome on XP (022d855e9a73f6e14bf53779e518171b)] -> xpath: //a[contains(@href,'/a/login')]]
2017-11-20 00:37:24,127 [main] INFO com.ideascale.IdeaHome - Navigated to URL: https://ideascale.com/a/loginTitle: Login | IdeaScale
2017-11-20 00:41:24,386 [main] INFO com.ideascale.IdeaHome - Trying to Verify all element on login page
URL: https://ideascale.com/a/login
Page Title: Login | IdeaScale
2017-11-20 00:41:24,526 [main] INFO com.ideascale.IdeaHome - Page name is: Log in using your IdeaScale account:
2017-11-20 00:41:53,536 [main] INFO com.ideascale.IdeaHome - Clicked on IdeaScale logo and object is: Proxy element for: DefaultElementLocator 'By.id: utb-logo'
2017-11-20 00:41:55,091 [main] INFO com.ideascale.IdeaHome - Navigated back to :Login | IdeaScale
2017-11-20 00:42:02,008 [main] INFO com.ideascale.IdeaHome - Clicket on register button on TOP and object is: [[ChromeDriver: chrome on XP (f39d78be775e010094650e976caa28e3)] -> xpath: //a[contains(@href,'signup')][1]]
2017-11-20 00:42:02,049 [main] INFO com.ideascale.IdeaHome - Navigated to URL: https://ideascale.com/a/signupTitle: Create Your Account | IdeaScale
2017-11-20 00:42:03,087 [main] INFO com.ideascale.IdeaHome - Navigated back to :Login | IdeaScale
2017-11-20 00:42:03,143 [main] INFO com.ideascale.IdeaHome - Clicket on 'Log in' button on TOP and object is :[[ChromeDriver: chrome on XP (f39d78be775e010094650e976caa28e3)] -> xpath: //a[contains(@href,'/a/login')]]
2017-11-20 00:42:03,174 [main] INFO com.ideascale.IdeaHome - Navigated to URL: https://ideascale.com/a/loginTitle: Login | IdeaScale
2017-11-20 00:42:03,308 [main] INFO com.ideascale.IdeaHome - Login page Lable text is: Log in using your IdeaScale account: and object is :[[ChromeDriver: chrome on XP (f39d78be775e010094650e976caa28e3)] -> xpath: //*[@class='col-md-6']/h2]
2017-11-20 08:36:17,991 [main] INFO com.ideascale.IdeaHome - Trying to Verify all element on login page
URL: https://ideascale.com/a/login
Page Title: Login | IdeaScale
2017-11-20 08:36:18,128 [main] INFO com.ideascale.IdeaHome - Page name is: Log in using your IdeaScale account:
2017-11-20 08:36:44,610 [main] INFO com.ideascale.IdeaHome - Clicked on IdeaScale logo and object is: Proxy element for: DefaultElementLocator 'By.id: utb-logo'
2017-11-20 08:36:46,306 [main] INFO com.ideascale.IdeaHome - Navigated back to :Login | IdeaScale
2017-11-20 08:36:53,140 [main] INFO com.ideascale.IdeaHome - Clicket on register button on TOP and object is: [[ChromeDriver: chrome on XP (5fda8ac2b6a233eede88d0432503031f)] -> xpath: //a[contains(@href,'signup')][1]]
2017-11-20 08:36:53,166 [main] INFO com.ideascale.IdeaHome - Navigated to URL: https://ideascale.com/a/signupTitle: Create Your Account | IdeaScale
2017-11-20 08:36:54,239 [main] INFO com.ideascale.IdeaHome - Navigated back to :Login | IdeaScale
2017-11-20 08:36:54,281 [main] INFO com.ideascale.IdeaHome - Clicket on 'Log in' button on TOP and object is :[[ChromeDriver: chrome on XP (5fda8ac2b6a233eede88d0432503031f)] -> xpath: //a[contains(@href,'/a/login')]]
2017-11-20 08:36:54,313 [main] INFO com.ideascale.IdeaHome - Navigated to URL: https://ideascale.com/a/loginTitle: Login | IdeaScale
2017-11-20 08:36:54,452 [main] INFO com.ideascale.IdeaHome - Login page Lable text is: Log in using your IdeaScale account: and object is :[[ChromeDriver: chrome on XP (5fda8ac2b6a233eede88d0432503031f)] -> xpath: //*[@class='col-md-6']/h2]
